<?xml version="1.0" encoding="UTF-8"?>
<!-- Generated by org.testng.reporters.JUnitXMLReporter -->
<testsuite ignored="0" hostname="LPT-1189" failures="9" tests="10" name="CompatibilityTestingOnChrome" time="465.985" errors="0" timestamp="2023-06-23T14:43:09 IST">
  <testcase classname="com.E_POC2.TestCases.PowerBIDashBoardTest1" name="loginAndDropDownSelection" time="32.717"/>
  <testcase classname="com.E_POC2.TestCases.PowerBIDashBoardTest1" name="monthPerformance" time="34.85">
    <failure type="com.microsoft.sqlserver.jdbc.SQLServerException" message="The TCP/IP connection to the host localhostSQLEXPRESS, port 1433 has failed. Error: &amp;quot;localhostSQLEXPRESS. Verify the connection properties. Make sure that an instance of SQL Server is running on the host and accepting TCP/IP connections at the port. Make sure that TCP connections to the port are not blocked by a firewall.&amp;quot;.">
      <![CDATA[com.microsoft.sqlserver.jdbc.SQLServerException: The TCP/IP connection to the host localhostSQLEXPRESS, port 1433 has failed. Error: "localhostSQLEXPRESS. Verify the connection properties. Make sure that an instance of SQL Server is running on the host and accepting TCP/IP connections at the port. Make sure that TCP connections to the port are not blocked by a firewall.".
at com.microsoft.sqlserver.jdbc.SQLServerException.makeFromDriverError(SQLServerException.java:237)
at com.microsoft.sqlserver.jdbc.SQLServerException.convertConnectExceptionToSQLServerException(SQLServerException.java:288)
at com.microsoft.sqlserver.jdbc.SocketFinder.findSocket(IOBuffer.java:2574)
at com.microsoft.sqlserver.jdbc.TDSChannel.open(IOBuffer.java:715)
at com.microsoft.sqlserver.jdbc.SQLServerConnection.connectHelper(SQLServerConnection.java:3427)
at com.microsoft.sqlserver.jdbc.SQLServerConnection.login(SQLServerConnection.java:3077)
at com.microsoft.sqlserver.jdbc.SQLServerConnection.connectInternal(SQLServerConnection.java:2919)
at com.microsoft.sqlserver.jdbc.SQLServerConnection.connect(SQLServerConnection.java:1787)
at com.microsoft.sqlserver.jdbc.SQLServerDriver.connect(SQLServerDriver.java:1229)
at java.sql/java.sql.DriverManager.getConnection(DriverManager.java:681)
at java.sql/java.sql.DriverManager.getConnection(DriverManager.java:252)
at com.E_POC2.DataBaseConfiguration.DataBaseConnection.dBConnection(DataBaseConnection.java:26)
at com.E_POC2.TestCases.PowerBIDashBoardTest1.monthPerformance(PowerBIDashBoardTest1.java:140)
at java.base/java.util.ArrayList.forEach(ArrayList.java:1511)
... Removed 27 stack frames]]>
    </failure>
  </testcase> <!-- monthPerformance -->
  <testcase classname="com.E_POC2.TestCases.PowerBIDashBoardTest1" name="lowAttendancePerformance" time="85.588">
    <failure type="com.microsoft.sqlserver.jdbc.SQLServerException" message="The TCP/IP connection to the host localhostSQLEXPRESS, port 1433 has failed. Error: &amp;quot;localhostSQLEXPRESS. Verify the connection properties. Make sure that an instance of SQL Server is running on the host and accepting TCP/IP connections at the port. Make sure that TCP connections to the port are not blocked by a firewall.&amp;quot;.">
      <![CDATA[com.microsoft.sqlserver.jdbc.SQLServerException: The TCP/IP connection to the host localhostSQLEXPRESS, port 1433 has failed. Error: "localhostSQLEXPRESS. Verify the connection properties. Make sure that an instance of SQL Server is running on the host and accepting TCP/IP connections at the port. Make sure that TCP connections to the port are not blocked by a firewall.".
at com.microsoft.sqlserver.jdbc.SQLServerException.makeFromDriverError(SQLServerException.java:237)
at com.microsoft.sqlserver.jdbc.SQLServerException.convertConnectExceptionToSQLServerException(SQLServerException.java:288)
at com.microsoft.sqlserver.jdbc.SocketFinder.findSocket(IOBuffer.java:2574)
at com.microsoft.sqlserver.jdbc.TDSChannel.open(IOBuffer.java:715)
at com.microsoft.sqlserver.jdbc.SQLServerConnection.connectHelper(SQLServerConnection.java:3427)
at com.microsoft.sqlserver.jdbc.SQLServerConnection.login(SQLServerConnection.java:3077)
at com.microsoft.sqlserver.jdbc.SQLServerConnection.connectInternal(SQLServerConnection.java:2919)
at com.microsoft.sqlserver.jdbc.SQLServerConnection.connect(SQLServerConnection.java:1787)
at com.microsoft.sqlserver.jdbc.SQLServerDriver.connect(SQLServerDriver.java:1229)
at java.sql/java.sql.DriverManager.getConnection(DriverManager.java:681)
at java.sql/java.sql.DriverManager.getConnection(DriverManager.java:252)
at com.E_POC2.DataBaseConfiguration.DataBaseConnection.dBConnection(DataBaseConnection.java:26)
at com.E_POC2.TestCases.PowerBIDashBoardTest1.lowAttendancePerformance(PowerBIDashBoardTest1.java:174)
at java.base/java.util.ArrayList.forEach(ArrayList.java:1511)
... Removed 27 stack frames]]>
    </failure>
  </testcase> <!-- lowAttendancePerformance -->
  <testcase classname="com.E_POC2.TestCases.PowerBIDashBoardTest1" name="GirdPerformance" time="85.941">
    <failure type="com.microsoft.sqlserver.jdbc.SQLServerException" message="The TCP/IP connection to the host localhostSQLEXPRESS, port 1433 has failed. Error: &amp;quot;localhostSQLEXPRESS. Verify the connection properties. Make sure that an instance of SQL Server is running on the host and accepting TCP/IP connections at the port. Make sure that TCP connections to the port are not blocked by a firewall.&amp;quot;.">
      <![CDATA[com.microsoft.sqlserver.jdbc.SQLServerException: The TCP/IP connection to the host localhostSQLEXPRESS, port 1433 has failed. Error: "localhostSQLEXPRESS. Verify the connection properties. Make sure that an instance of SQL Server is running on the host and accepting TCP/IP connections at the port. Make sure that TCP connections to the port are not blocked by a firewall.".
at com.microsoft.sqlserver.jdbc.SQLServerException.makeFromDriverError(SQLServerException.java:237)
at com.microsoft.sqlserver.jdbc.SQLServerException.convertConnectExceptionToSQLServerException(SQLServerException.java:288)
at com.microsoft.sqlserver.jdbc.SocketFinder.findSocket(IOBuffer.java:2574)
at com.microsoft.sqlserver.jdbc.TDSChannel.open(IOBuffer.java:715)
at com.microsoft.sqlserver.jdbc.SQLServerConnection.connectHelper(SQLServerConnection.java:3427)
at com.microsoft.sqlserver.jdbc.SQLServerConnection.login(SQLServerConnection.java:3077)
at com.microsoft.sqlserver.jdbc.SQLServerConnection.connectInternal(SQLServerConnection.java:2919)
at com.microsoft.sqlserver.jdbc.SQLServerConnection.connect(SQLServerConnection.java:1787)
at com.microsoft.sqlserver.jdbc.SQLServerDriver.connect(SQLServerDriver.java:1229)
at java.sql/java.sql.DriverManager.getConnection(DriverManager.java:681)
at java.sql/java.sql.DriverManager.getConnection(DriverManager.java:252)
at com.E_POC2.DataBaseConfiguration.DataBaseConnection.dBConnection(DataBaseConnection.java:66)
at com.E_POC2.TestCases.PowerBIDashBoardTest1.GirdPerformance(PowerBIDashBoardTest1.java:205)
at java.base/java.util.ArrayList.forEach(ArrayList.java:1511)
... Removed 27 stack frames]]>
    </failure>
  </testcase> <!-- GirdPerformance -->
  <testcase classname="com.E_POC2.TestCases.PowerBIDashBoardTest1" name="characteristicPerformance" time="32.316">
    <failure type="com.microsoft.sqlserver.jdbc.SQLServerException" message="The TCP/IP connection to the host localhostSQLEXPRESS, port 1433 has failed. Error: &amp;quot;localhostSQLEXPRESS. Verify the connection properties. Make sure that an instance of SQL Server is running on the host and accepting TCP/IP connections at the port. Make sure that TCP connections to the port are not blocked by a firewall.&amp;quot;.">
      <![CDATA[com.microsoft.sqlserver.jdbc.SQLServerException: The TCP/IP connection to the host localhostSQLEXPRESS, port 1433 has failed. Error: "localhostSQLEXPRESS. Verify the connection properties. Make sure that an instance of SQL Server is running on the host and accepting TCP/IP connections at the port. Make sure that TCP connections to the port are not blocked by a firewall.".
at com.microsoft.sqlserver.jdbc.SQLServerException.makeFromDriverError(SQLServerException.java:237)
at com.microsoft.sqlserver.jdbc.SQLServerException.convertConnectExceptionToSQLServerException(SQLServerException.java:288)
at com.microsoft.sqlserver.jdbc.SocketFinder.findSocket(IOBuffer.java:2574)
at com.microsoft.sqlserver.jdbc.TDSChannel.open(IOBuffer.java:715)
at com.microsoft.sqlserver.jdbc.SQLServerConnection.connectHelper(SQLServerConnection.java:3427)
at com.microsoft.sqlserver.jdbc.SQLServerConnection.login(SQLServerConnection.java:3077)
at com.microsoft.sqlserver.jdbc.SQLServerConnection.connectInternal(SQLServerConnection.java:2919)
at com.microsoft.sqlserver.jdbc.SQLServerConnection.connect(SQLServerConnection.java:1787)
at com.microsoft.sqlserver.jdbc.SQLServerDriver.connect(SQLServerDriver.java:1229)
at java.sql/java.sql.DriverManager.getConnection(DriverManager.java:681)
at java.sql/java.sql.DriverManager.getConnection(DriverManager.java:252)
at com.E_POC2.DataBaseConfiguration.DataBaseConnection.dBConnection(DataBaseConnection.java:114)
at com.E_POC2.TestCases.PowerBIDashBoardTest1.characteristicPerformance(PowerBIDashBoardTest1.java:240)
at java.base/java.util.ArrayList.forEach(ArrayList.java:1511)
... Removed 27 stack frames]]>
    </failure>
  </testcase> <!-- characteristicPerformance -->
  <testcase classname="com.E_POC2.TestCases.PowerBIDashBoardTest1" name="Marks_Obtained" time="32.253">
    <failure type="com.microsoft.sqlserver.jdbc.SQLServerException" message="The TCP/IP connection to the host localhostSQLEXPRESS, port 1433 has failed. Error: &amp;quot;localhostSQLEXPRESS. Verify the connection properties. Make sure that an instance of SQL Server is running on the host and accepting TCP/IP connections at the port. Make sure that TCP connections to the port are not blocked by a firewall.&amp;quot;.">
      <![CDATA[com.microsoft.sqlserver.jdbc.SQLServerException: The TCP/IP connection to the host localhostSQLEXPRESS, port 1433 has failed. Error: "localhostSQLEXPRESS. Verify the connection properties. Make sure that an instance of SQL Server is running on the host and accepting TCP/IP connections at the port. Make sure that TCP connections to the port are not blocked by a firewall.".
at com.microsoft.sqlserver.jdbc.SQLServerException.makeFromDriverError(SQLServerException.java:237)
at com.microsoft.sqlserver.jdbc.SQLServerException.convertConnectExceptionToSQLServerException(SQLServerException.java:288)
at com.microsoft.sqlserver.jdbc.SocketFinder.findSocket(IOBuffer.java:2574)
at com.microsoft.sqlserver.jdbc.TDSChannel.open(IOBuffer.java:715)
at com.microsoft.sqlserver.jdbc.SQLServerConnection.connectHelper(SQLServerConnection.java:3427)
at com.microsoft.sqlserver.jdbc.SQLServerConnection.login(SQLServerConnection.java:3077)
at com.microsoft.sqlserver.jdbc.SQLServerConnection.connectInternal(SQLServerConnection.java:2919)
at com.microsoft.sqlserver.jdbc.SQLServerConnection.connect(SQLServerConnection.java:1787)
at com.microsoft.sqlserver.jdbc.SQLServerDriver.connect(SQLServerDriver.java:1229)
at java.sql/java.sql.DriverManager.getConnection(DriverManager.java:681)
at java.sql/java.sql.DriverManager.getConnection(DriverManager.java:252)
at com.E_POC2.DataBaseConfiguration.DataBaseConnection.dBConnection(DataBaseConnection.java:114)
at com.E_POC2.TestCases.PowerBIDashBoardTest1.Marks_Obtained(PowerBIDashBoardTest1.java:275)
at java.base/java.util.ArrayList.forEach(ArrayList.java:1511)
... Removed 27 stack frames]]>
    </failure>
  </testcase> <!-- Marks_Obtained -->
  <testcase classname="com.E_POC2.TestCases.PowerBIDashBoardTest1" name="total_Marks" time="32.184">
    <failure type="com.microsoft.sqlserver.jdbc.SQLServerException" message="The TCP/IP connection to the host localhostSQLEXPRESS, port 1433 has failed. Error: &amp;quot;localhostSQLEXPRESS. Verify the connection properties. Make sure that an instance of SQL Server is running on the host and accepting TCP/IP connections at the port. Make sure that TCP connections to the port are not blocked by a firewall.&amp;quot;.">
      <![CDATA[com.microsoft.sqlserver.jdbc.SQLServerException: The TCP/IP connection to the host localhostSQLEXPRESS, port 1433 has failed. Error: "localhostSQLEXPRESS. Verify the connection properties. Make sure that an instance of SQL Server is running on the host and accepting TCP/IP connections at the port. Make sure that TCP connections to the port are not blocked by a firewall.".
at com.microsoft.sqlserver.jdbc.SQLServerException.makeFromDriverError(SQLServerException.java:237)
at com.microsoft.sqlserver.jdbc.SQLServerException.convertConnectExceptionToSQLServerException(SQLServerException.java:288)
at com.microsoft.sqlserver.jdbc.SocketFinder.findSocket(IOBuffer.java:2574)
at com.microsoft.sqlserver.jdbc.TDSChannel.open(IOBuffer.java:715)
at com.microsoft.sqlserver.jdbc.SQLServerConnection.connectHelper(SQLServerConnection.java:3427)
at com.microsoft.sqlserver.jdbc.SQLServerConnection.login(SQLServerConnection.java:3077)
at com.microsoft.sqlserver.jdbc.SQLServerConnection.connectInternal(SQLServerConnection.java:2919)
at com.microsoft.sqlserver.jdbc.SQLServerConnection.connect(SQLServerConnection.java:1787)
at com.microsoft.sqlserver.jdbc.SQLServerDriver.connect(SQLServerDriver.java:1229)
at java.sql/java.sql.DriverManager.getConnection(DriverManager.java:681)
at java.sql/java.sql.DriverManager.getConnection(DriverManager.java:252)
at com.E_POC2.DataBaseConfiguration.DataBaseConnection.dBConnection(DataBaseConnection.java:114)
at com.E_POC2.TestCases.PowerBIDashBoardTest1.total_Marks(PowerBIDashBoardTest1.java:311)
at java.base/java.util.ArrayList.forEach(ArrayList.java:1511)
... Removed 27 stack frames]]>
    </failure>
  </testcase> <!-- total_Marks -->
  <testcase classname="com.E_POC2.TestCases.PowerBIDashBoardTest1" name="marks_Percentage" time="33.158">
    <failure type="com.microsoft.sqlserver.jdbc.SQLServerException" message="The TCP/IP connection to the host localhostSQLEXPRESS, port 1433 has failed. Error: &amp;quot;localhostSQLEXPRESS. Verify the connection properties. Make sure that an instance of SQL Server is running on the host and accepting TCP/IP connections at the port. Make sure that TCP connections to the port are not blocked by a firewall.&amp;quot;.">
      <![CDATA[com.microsoft.sqlserver.jdbc.SQLServerException: The TCP/IP connection to the host localhostSQLEXPRESS, port 1433 has failed. Error: "localhostSQLEXPRESS. Verify the connection properties. Make sure that an instance of SQL Server is running on the host and accepting TCP/IP connections at the port. Make sure that TCP connections to the port are not blocked by a firewall.".
at com.microsoft.sqlserver.jdbc.SQLServerException.makeFromDriverError(SQLServerException.java:237)
at com.microsoft.sqlserver.jdbc.SQLServerException.convertConnectExceptionToSQLServerException(SQLServerException.java:288)
at com.microsoft.sqlserver.jdbc.SocketFinder.findSocket(IOBuffer.java:2574)
at com.microsoft.sqlserver.jdbc.TDSChannel.open(IOBuffer.java:715)
at com.microsoft.sqlserver.jdbc.SQLServerConnection.connectHelper(SQLServerConnection.java:3427)
at com.microsoft.sqlserver.jdbc.SQLServerConnection.login(SQLServerConnection.java:3077)
at com.microsoft.sqlserver.jdbc.SQLServerConnection.connectInternal(SQLServerConnection.java:2919)
at com.microsoft.sqlserver.jdbc.SQLServerConnection.connect(SQLServerConnection.java:1787)
at com.microsoft.sqlserver.jdbc.SQLServerDriver.connect(SQLServerDriver.java:1229)
at java.sql/java.sql.DriverManager.getConnection(DriverManager.java:681)
at java.sql/java.sql.DriverManager.getConnection(DriverManager.java:252)
at com.E_POC2.DataBaseConfiguration.DataBaseConnection.dBConnection(DataBaseConnection.java:114)
at com.E_POC2.TestCases.PowerBIDashBoardTest1.marks_Percentage(PowerBIDashBoardTest1.java:350)
at java.base/java.util.ArrayList.forEach(ArrayList.java:1511)
... Removed 27 stack frames]]>
    </failure>
  </testcase> <!-- marks_Percentage -->
  <testcase classname="com.E_POC2.TestCases.PowerBIDashBoardTest1" name="attendance_Percentage" time="32.153">
    <failure type="com.microsoft.sqlserver.jdbc.SQLServerException" message="The TCP/IP connection to the host localhostSQLEXPRESS, port 1433 has failed. Error: &amp;quot;localhostSQLEXPRESS. Verify the connection properties. Make sure that an instance of SQL Server is running on the host and accepting TCP/IP connections at the port. Make sure that TCP connections to the port are not blocked by a firewall.&amp;quot;.">
      <![CDATA[com.microsoft.sqlserver.jdbc.SQLServerException: The TCP/IP connection to the host localhostSQLEXPRESS, port 1433 has failed. Error: "localhostSQLEXPRESS. Verify the connection properties. Make sure that an instance of SQL Server is running on the host and accepting TCP/IP connections at the port. Make sure that TCP connections to the port are not blocked by a firewall.".
at com.microsoft.sqlserver.jdbc.SQLServerException.makeFromDriverError(SQLServerException.java:237)
at com.microsoft.sqlserver.jdbc.SQLServerException.convertConnectExceptionToSQLServerException(SQLServerException.java:288)
at com.microsoft.sqlserver.jdbc.SocketFinder.findSocket(IOBuffer.java:2574)
at com.microsoft.sqlserver.jdbc.TDSChannel.open(IOBuffer.java:715)
at com.microsoft.sqlserver.jdbc.SQLServerConnection.connectHelper(SQLServerConnection.java:3427)
at com.microsoft.sqlserver.jdbc.SQLServerConnection.login(SQLServerConnection.java:3077)
at com.microsoft.sqlserver.jdbc.SQLServerConnection.connectInternal(SQLServerConnection.java:2919)
at com.microsoft.sqlserver.jdbc.SQLServerConnection.connect(SQLServerConnection.java:1787)
at com.microsoft.sqlserver.jdbc.SQLServerDriver.connect(SQLServerDriver.java:1229)
at java.sql/java.sql.DriverManager.getConnection(DriverManager.java:681)
at java.sql/java.sql.DriverManager.getConnection(DriverManager.java:252)
at com.E_POC2.DataBaseConfiguration.DataBaseConnection.dBConnection(DataBaseConnection.java:114)
at com.E_POC2.TestCases.PowerBIDashBoardTest1.attendance_Percentage(PowerBIDashBoardTest1.java:389)
at java.base/java.util.ArrayList.forEach(ArrayList.java:1511)
... Removed 27 stack frames]]>
    </failure>
  </testcase> <!-- attendance_Percentage -->
  <testcase classname="com.E_POC2.TestCases.PowerBIDashBoardTest1" name="Group_Marking" time="33.062">
    <failure type="com.microsoft.sqlserver.jdbc.SQLServerException" message="The TCP/IP connection to the host localhostSQLEXPRESS, port 1433 has failed. Error: &amp;quot;localhostSQLEXPRESS. Verify the connection properties. Make sure that an instance of SQL Server is running on the host and accepting TCP/IP connections at the port. Make sure that TCP connections to the port are not blocked by a firewall.&amp;quot;.">
      <![CDATA[com.microsoft.sqlserver.jdbc.SQLServerException: The TCP/IP connection to the host localhostSQLEXPRESS, port 1433 has failed. Error: "localhostSQLEXPRESS. Verify the connection properties. Make sure that an instance of SQL Server is running on the host and accepting TCP/IP connections at the port. Make sure that TCP connections to the port are not blocked by a firewall.".
at com.microsoft.sqlserver.jdbc.SQLServerException.makeFromDriverError(SQLServerException.java:237)
at com.microsoft.sqlserver.jdbc.SQLServerException.convertConnectExceptionToSQLServerException(SQLServerException.java:288)
at com.microsoft.sqlserver.jdbc.SocketFinder.findSocket(IOBuffer.java:2574)
at com.microsoft.sqlserver.jdbc.TDSChannel.open(IOBuffer.java:715)
at com.microsoft.sqlserver.jdbc.SQLServerConnection.connectHelper(SQLServerConnection.java:3427)
at com.microsoft.sqlserver.jdbc.SQLServerConnection.login(SQLServerConnection.java:3077)
at com.microsoft.sqlserver.jdbc.SQLServerConnection.connectInternal(SQLServerConnection.java:2919)
at com.microsoft.sqlserver.jdbc.SQLServerConnection.connect(SQLServerConnection.java:1787)
at com.microsoft.sqlserver.jdbc.SQLServerDriver.connect(SQLServerDriver.java:1229)
at java.sql/java.sql.DriverManager.getConnection(DriverManager.java:681)
at java.sql/java.sql.DriverManager.getConnection(DriverManager.java:252)
at com.E_POC2.DataBaseConfiguration.DataBaseConnection.dBConnection(DataBaseConnection.java:114)
at com.E_POC2.TestCases.PowerBIDashBoardTest1.Group_Marking(PowerBIDashBoardTest1.java:428)
at java.base/java.util.ArrayList.forEach(ArrayList.java:1511)
... Removed 27 stack frames]]>
    </failure>
  </testcase> <!-- Group_Marking -->
</testsuite> <!-- CompatibilityTestingOnChrome -->
